kotlin version: 2.0.21
error message: java.rmi.ConnectIOException: error during JRMP connection establishment; nested exception is: 
	java.net.SocketTimeoutException: Read timed out
	at java.rmi/sun.rmi.transport.tcp.TCPChannel.createConnection(Unknown Source)
	at java.rmi/sun.rmi.transport.tcp.TCPChannel.newConnection(Unknown Source)
	at java.rmi/sun.rmi.server.UnicastRef.invoke(Unknown Source)
	at java.rmi/java.rmi.server.RemoteObjectInvocationHandler.invokeRemoteMethod(Unknown Source)
	at java.rmi/java.rmi.server.RemoteObjectInvocationHandler.invoke(Unknown Source)
	at jdk.proxy1/jdk.proxy1.$Proxy1.report(Unknown Source)
	at org.jetbrains.kotlin.daemon.common.CompilerServicesFacadeBaseKt.report(CompilerServicesFacadeBase.kt:46)
	at org.jetbrains.kotlin.daemon.report.CompileServicesFacadeMessageCollector.report(CompileServicesFacadeMessageCollector.kt:55)
	at org.jetbrains.kotlin.cli.common.messages.MessageCollector.report$default(MessageCollector.kt:12)
	at com.google.devtools.ksp.processing.impl.MessageCollectorBasedKSPLogger.reportAll(MessageCollectorBasedKSPLogger.kt:82)
	at com.google.devtools.ksp.AbstractKotlinSymbolProcessingExtension.reportAll(KotlinSymbolProcessingExtension.kt:419)
	at com.google.devtools.ksp.AbstractKotlinSymbolProcessingExtension.doAnalysis(KotlinSymbolProcessingExtension.kt:387)
	at org.jetbrains.kotlin.cli.jvm.compiler.TopDownAnalyzerFacadeForJVM.analyzeFilesWithJavaIntegration(TopDownAnalyzerFacadeForJVM.kt:112)
	at org.jetbrains.kotlin.cli.jvm.compiler.TopDownAnalyzerFacadeForJVM.analyzeFilesWithJavaIntegration$default(TopDownAnalyzerFacadeForJVM.kt:75)
	at org.jetbrains.kotlin.cli.jvm.compiler.KotlinToJVMBytecodeCompiler.analyze$lambda$12(KotlinToJVMBytecodeCompiler.kt:373)
	at org.jetbrains.kotlin.cli.common.messages.AnalyzerWithCompilerReport.analyzeAndReport(AnalyzerWithCompilerReport.kt:112)
	at org.jetbrains.kotlin.cli.jvm.compiler.KotlinToJVMBytecodeCompiler.analyze(KotlinToJVMBytecodeCompiler.kt:364)
	at org.jetbrains.kotlin.cli.jvm.compiler.KotlinToJVMBytecodeCompiler.runFrontendAndGenerateIrUsingClassicFrontend(KotlinToJVMBytecodeCompiler.kt:195)
	at org.jetbrains.kotlin.cli.jvm.compiler.KotlinToJVMBytecodeCompiler.compileModules$cli(KotlinToJVMBytecodeCompiler.kt:106)
	at org.jetbrains.kotlin.cli.jvm.K2JVMCompiler.doExecute(K2JVMCompiler.kt:170)
	at org.jetbrains.kotlin.cli.jvm.K2JVMCompiler.doExecute(K2JVMCompiler.kt:43)
	at org.jetbrains.kotlin.cli.common.CLICompiler.execImpl(CLICompiler.kt:103)
	at org.jetbrains.kotlin.cli.common.CLICompiler.execImpl(CLICompiler.kt:49)
	at org.jetbrains.kotlin.cli.common.CLITool.exec(CLITool.kt:101)
	at org.jetbrains.kotlin.daemon.CompileServiceImpl.compile(CompileServiceImpl.kt:1555)
	at java.base/jdk.internal.reflect.DirectMethodHandleAccessor.invoke(Unknown Source)
	at java.base/java.lang.reflect.Method.invoke(Unknown Source)
	at java.rmi/sun.rmi.server.UnicastServerRef.dispatch(Unknown Source)
	at java.rmi/sun.rmi.transport.Transport$1.run(Unknown Source)
	at java.rmi/sun.rmi.transport.Transport$1.run(Unknown Source)
	at java.base/java.security.AccessController.doPrivileged(Unknown Source)
	at java.rmi/sun.rmi.transport.Transport.serviceCall(Unknown Source)
	at java.rmi/sun.rmi.transport.tcp.TCPTransport.handleMessages(Unknown Source)
	at java.rmi/sun.rmi.transport.tcp.TCPTransport$ConnectionHandler.run0(Unknown Source)
	at java.rmi/sun.rmi.transport.tcp.TCPTransport$ConnectionHandler.lambda$run$0(Unknown Source)
	at java.base/java.security.AccessController.doPrivileged(Unknown Source)
	at java.rmi/sun.rmi.transport.tcp.TCPTransport$ConnectionHandler.run(Unknown Source)
	at java.base/java.util.concurrent.ThreadPoolExecutor.runWorker(Unknown Source)
	at java.base/java.util.concurrent.ThreadPoolExecutor$Worker.run(Unknown Source)
	at java.base/java.lang.Thread.run(Unknown Source)
Caused by: java.net.SocketTimeoutException: Read timed out
	at java.base/sun.nio.ch.NioSocketImpl.timedRead(Unknown Source)
	at java.base/sun.nio.ch.NioSocketImpl.implRead(Unknown Source)
	at java.base/sun.nio.ch.NioSocketImpl.read(Unknown Source)
	at java.base/sun.nio.ch.NioSocketImpl$1.read(Unknown Source)
	at java.base/java.net.Socket$SocketInputStream.read(Unknown Source)
	at java.base/java.io.BufferedInputStream.fill(Unknown Source)
	at java.base/java.io.BufferedInputStream.implRead(Unknown Source)
	at java.base/java.io.BufferedInputStream.read(Unknown Source)
	at java.base/java.io.DataInputStream.readUnsignedByte(Unknown Source)
	at java.base/java.io.DataInputStream.readByte(Unknown Source)
	... 40 more


